TN:
SF:src/admin.ts
FN:10,adminUserRemoveV1
FN:15,(anonymous_2)
FN:18,(anonymous_3)
FN:55,(anonymous_4)
FN:61,(anonymous_5)
FN:69,(anonymous_6)
FN:75,(anonymous_7)
FN:92,adminUserPermissionChangeV1
FN:97,(anonymous_9)
FN:100,(anonymous_10)
FN:115,(anonymous_11)
FNF:11
FNH:0
FNDA:0,adminUserRemoveV1
FNDA:0,(anonymous_2)
FNDA:0,(anonymous_3)
FNDA:0,(anonymous_4)
FNDA:0,(anonymous_5)
FNDA:0,(anonymous_6)
FNDA:0,(anonymous_7)
FNDA:0,adminUserPermissionChangeV1
FNDA:0,(anonymous_9)
FNDA:0,(anonymous_10)
FNDA:0,(anonymous_11)
DA:1,1
DA:2,1
DA:10,1
DA:11,0
DA:12,0
DA:13,0
DA:15,0
DA:16,0
DA:18,0
DA:19,0
DA:21,0
DA:22,0
DA:25,0
DA:26,0
DA:27,0
DA:28,0
DA:29,0
DA:33,0
DA:34,0
DA:37,0
DA:38,0
DA:39,0
DA:40,0
DA:41,0
DA:46,0
DA:47,0
DA:48,0
DA:49,0
DA:50,0
DA:54,0
DA:55,0
DA:56,0
DA:57,0
DA:58,0
DA:61,0
DA:62,0
DA:63,0
DA:64,0
DA:68,0
DA:69,0
DA:70,0
DA:71,0
DA:72,0
DA:75,0
DA:76,0
DA:77,0
DA:78,0
DA:82,0
DA:83,0
DA:84,0
DA:85,0
DA:86,0
DA:88,0
DA:89,0
DA:92,1
DA:93,0
DA:94,0
DA:95,0
DA:97,0
DA:98,0
DA:100,0
DA:101,0
DA:104,0
DA:105,0
DA:108,0
DA:109,0
DA:110,0
DA:111,0
DA:114,0
DA:115,0
DA:116,0
DA:118,0
DA:119,0
DA:121,0
DA:122,0
DA:123,0
LF:76
LH:4
BRDA:16,0,0,0
BRDA:16,0,1,0
BRDA:19,1,0,0
BRDA:19,1,1,0
BRDA:21,2,0,0
BRDA:21,2,1,0
BRDA:28,3,0,0
BRDA:28,3,1,0
BRDA:33,4,0,0
BRDA:33,4,1,0
BRDA:33,5,0,0
BRDA:33,5,1,0
BRDA:39,6,0,0
BRDA:39,6,1,0
BRDA:48,7,0,0
BRDA:48,7,1,0
BRDA:56,8,0,0
BRDA:56,8,1,0
BRDA:62,9,0,0
BRDA:62,9,1,0
BRDA:70,10,0,0
BRDA:70,10,1,0
BRDA:76,11,0,0
BRDA:76,11,1,0
BRDA:98,12,0,0
BRDA:98,12,1,0
BRDA:101,13,0,0
BRDA:101,13,1,0
BRDA:104,14,0,0
BRDA:104,14,1,0
BRDA:110,15,0,0
BRDA:110,15,1,0
BRDA:114,16,0,0
BRDA:114,16,1,0
BRDA:116,17,0,0
BRDA:116,17,1,0
BRDA:118,18,0,0
BRDA:118,18,1,0
BRDA:118,19,0,0
BRDA:118,19,1,0
BRDA:119,20,0,0
BRDA:119,20,1,0
BRF:42
BRH:0
end_of_record
TN:
SF:src/auth.ts
FN:17,authLoginV1
FN:22,(anonymous_2)
FN:27,(anonymous_3)
FN:58,authRegisterV1
FN:72,(anonymous_5)
FN:169,authLogoutV1
FN:173,(anonymous_7)
FN:188,authPasswordResetRequestV1
FN:190,(anonymous_9)
FN:218,authPasswordResetResetV1
FN:222,(anonymous_11)
FN:224,(anonymous_12)
FN:227,(anonymous_13)
FNF:13
FNH:2
FNDA:0,authLoginV1
FNDA:0,(anonymous_2)
FNDA:0,(anonymous_3)
FNDA:9,authRegisterV1
FNDA:4,(anonymous_5)
FNDA:0,authLogoutV1
FNDA:0,(anonymous_7)
FNDA:0,authPasswordResetRequestV1
FNDA:0,(anonymous_9)
FNDA:0,authPasswordResetResetV1
FNDA:0,(anonymous_11)
FNDA:0,(anonymous_12)
FNDA:0,(anonymous_13)
DA:1,1
DA:2,1
DA:4,1
DA:5,1
DA:6,1
DA:7,1
DA:17,1
DA:18,0
DA:19,0
DA:20,0
DA:22,0
DA:23,0
DA:24,0
DA:27,0
DA:28,0
DA:29,0
DA:33,0
DA:34,0
DA:35,0
DA:36,0
DA:37,0
DA:38,0
DA:39,0
DA:41,0
DA:42,0
DA:58,1
DA:59,9
DA:60,9
DA:62,9
DA:63,0
DA:64,9
DA:65,0
DA:66,9
DA:67,0
DA:68,9
DA:69,0
DA:72,9
DA:74,9
DA:75,0
DA:79,9
DA:80,9
DA:81,9
DA:84,9
DA:85,0
DA:87,9
DA:88,9
DA:91,9
DA:92,4
DA:93,0
DA:94,0
DA:95,0
DA:98,9
DA:100,9
DA:103,9
DA:104,9
DA:105,9
DA:106,9
DA:107,9
DA:108,54
DA:109,54
DA:111,9
DA:115,9
DA:128,9
DA:129,5
DA:132,9
DA:134,9
DA:141,9
DA:143,9
DA:144,5
DA:150,5
DA:152,9
DA:153,9
DA:154,9
DA:169,1
DA:170,0
DA:171,0
DA:172,0
DA:173,0
DA:174,0
DA:175,0
DA:177,0
DA:178,0
DA:179,0
DA:188,1
DA:189,0
DA:190,0
DA:191,0
DA:193,0
DA:195,0
DA:196,0
DA:197,0
DA:198,0
DA:199,0
DA:201,0
DA:205,0
DA:206,0
DA:207,0
DA:208,0
DA:218,1
DA:219,0
DA:220,0
DA:221,0
DA:222,0
DA:223,0
DA:224,0
DA:226,0
DA:227,0
DA:228,0
DA:229,0
LF:109
LH:49
BRDA:23,0,0,0
BRDA:23,0,1,0
BRDA:28,1,0,0
BRDA:28,1,1,0
BRDA:62,2,0,0
BRDA:62,2,1,9
BRDA:64,3,0,0
BRDA:64,3,1,9
BRDA:66,4,0,0
BRDA:66,4,1,9
BRDA:66,5,0,9
BRDA:66,5,1,9
BRDA:68,6,0,0
BRDA:68,6,1,9
BRDA:68,7,0,9
BRDA:68,7,1,9
BRDA:74,8,0,0
BRDA:74,8,1,9
BRDA:84,9,0,0
BRDA:84,9,1,9
BRDA:92,10,0,0
BRDA:92,10,1,4
BRDA:128,11,0,5
BRDA:128,11,1,4
BRDA:143,12,0,5
BRDA:143,12,1,4
BRDA:174,13,0,0
BRDA:174,13,1,0
BRDA:191,14,0,0
BRDA:191,14,1,0
BRDA:221,15,0,0
BRDA:221,15,1,0
BRDA:223,16,0,0
BRDA:223,16,1,0
BRF:34
BRH:15
end_of_record
TN:
SF:src/channel.ts
FN:15,channelDetailsV1
FN:19,(anonymous_2)
FN:23,(anonymous_3)
FN:26,(anonymous_4)
FN:47,channelJoinV1
FN:51,(anonymous_6)
FN:55,(anonymous_7)
FN:65,(anonymous_8)
FN:85,(anonymous_9)
FN:105,channelInviteV1
FN:109,(anonymous_11)
FN:113,(anonymous_12)
FN:116,(anonymous_13)
FN:119,(anonymous_14)
FN:122,(anonymous_15)
FN:134,(anonymous_16)
FN:135,(anonymous_17)
FN:145,(anonymous_18)
FN:164,channelMessagesV1
FN:168,(anonymous_20)
FN:172,(anonymous_21)
FN:175,(anonymous_22)
FN:193,(anonymous_23)
FN:211,channelLeaveV1
FN:217,(anonymous_25)
FN:221,(anonymous_26)
FN:224,(anonymous_27)
FN:233,(anonymous_28)
FN:238,(anonymous_29)
FN:244,(anonymous_30)
FN:260,channelAddOwnerV1
FN:264,(anonymous_32)
FN:268,(anonymous_33)
FN:271,(anonymous_34)
FN:274,(anonymous_35)
FN:277,(anonymous_36)
FN:280,(anonymous_37)
FN:303,channelRemoveOwnerV1
FN:307,(anonymous_39)
FN:311,(anonymous_40)
FN:314,(anonymous_41)
FN:317,(anonymous_42)
FN:320,(anonymous_43)
FN:330,(anonymous_44)
FNF:44
FNH:5
FNDA:0,channelDetailsV1
FNDA:0,(anonymous_2)
FNDA:0,(anonymous_3)
FNDA:0,(anonymous_4)
FNDA:2,channelJoinV1
FNDA:4,(anonymous_6)
FNDA:2,(anonymous_7)
FNDA:2,(anonymous_8)
FNDA:4,(anonymous_9)
FNDA:0,channelInviteV1
FNDA:0,(anonymous_11)
FNDA:0,(anonymous_12)
FNDA:0,(anonymous_13)
FNDA:0,(anonymous_14)
FNDA:0,(anonymous_15)
FNDA:0,(anonymous_16)
FNDA:0,(anonymous_17)
FNDA:0,(anonymous_18)
FNDA:0,channelMessagesV1
FNDA:0,(anonymous_20)
FNDA:0,(anonymous_21)
FNDA:0,(anonymous_22)
FNDA:0,(anonymous_23)
FNDA:0,channelLeaveV1
FNDA:0,(anonymous_25)
FNDA:0,(anonymous_26)
FNDA:0,(anonymous_27)
FNDA:0,(anonymous_28)
FNDA:0,(anonymous_29)
FNDA:0,(anonymous_30)
FNDA:0,channelAddOwnerV1
FNDA:0,(anonymous_32)
FNDA:0,(anonymous_33)
FNDA:0,(anonymous_34)
FNDA:0,(anonymous_35)
FNDA:0,(anonymous_36)
FNDA:0,(anonymous_37)
FNDA:0,channelRemoveOwnerV1
FNDA:0,(anonymous_39)
FNDA:0,(anonymous_40)
FNDA:0,(anonymous_41)
FNDA:0,(anonymous_42)
FNDA:0,(anonymous_43)
FNDA:0,(anonymous_44)
DA:1,1
DA:3,1
DA:15,1
DA:16,0
DA:17,0
DA:18,0
DA:19,0
DA:20,0
DA:21,0
DA:23,0
DA:24,0
DA:26,0
DA:27,0
DA:29,0
DA:35,0
DA:36,0
DA:47,1
DA:48,2
DA:49,2
DA:50,2
DA:51,4
DA:52,2
DA:53,2
DA:55,2
DA:56,2
DA:59,2
DA:60,2
DA:61,0
DA:65,2
DA:66,2
DA:69,2
DA:70,0
DA:73,2
DA:80,2
DA:83,2
DA:85,4
DA:86,2
DA:88,2
DA:90,2
DA:92,2
DA:105,1
DA:106,0
DA:107,0
DA:108,0
DA:109,0
DA:110,0
DA:111,0
DA:113,0
DA:114,0
DA:116,0
DA:117,0
DA:119,0
DA:120,0
DA:122,0
DA:123,0
DA:125,0
DA:133,0
DA:134,0
DA:135,0
DA:136,0
DA:143,0
DA:145,0
DA:146,0
DA:148,0
DA:150,0
DA:151,0
DA:164,1
DA:165,0
DA:166,0
DA:167,0
DA:168,0
DA:169,0
DA:170,0
DA:172,0
DA:173,0
DA:175,0
DA:176,0
DA:178,0
DA:180,0
DA:181,0
DA:185,0
DA:186,0
DA:188,0
DA:190,0
DA:192,0
DA:193,0
DA:199,0
DA:200,0
DA:211,1
DA:212,0
DA:213,0
DA:214,0
DA:215,0
DA:217,0
DA:218,0
DA:219,0
DA:221,0
DA:222,0
DA:224,0
DA:225,0
DA:227,0
DA:228,0
DA:229,0
DA:233,0
DA:234,0
DA:235,0
DA:238,0
DA:239,0
DA:242,0
DA:244,0
DA:245,0
DA:247,0
DA:249,0
DA:250,0
DA:260,1
DA:261,0
DA:262,0
DA:263,0
DA:264,0
DA:265,0
DA:266,0
DA:268,0
DA:269,0
DA:271,0
DA:272,0
DA:274,0
DA:275,0
DA:277,0
DA:278,0
DA:280,0
DA:281,0
DA:282,0
DA:283,0
DA:286,0
DA:293,0
DA:294,0
DA:303,1
DA:304,0
DA:305,0
DA:306,0
DA:307,0
DA:308,0
DA:309,0
DA:311,0
DA:312,0
DA:314,0
DA:315,0
DA:317,0
DA:318,0
DA:320,0
DA:321,0
DA:322,0
DA:323,0
DA:326,0
DA:327,0
DA:330,0
DA:331,0
DA:332,0
DA:333,0
LF:159
LH:30
BRDA:20,0,0,0
BRDA:20,0,1,0
BRDA:24,1,0,0
BRDA:24,1,1,0
BRDA:27,2,0,0
BRDA:27,2,1,0
BRDA:52,3,0,0
BRDA:52,3,1,2
BRDA:56,4,0,0
BRDA:56,4,1,2
BRDA:60,5,0,0
BRDA:60,5,1,2
BRDA:66,6,0,0
BRDA:66,6,1,2
BRDA:69,7,0,0
BRDA:69,7,1,2
BRDA:69,8,0,2
BRDA:69,8,1,0
BRDA:110,9,0,0
BRDA:110,9,1,0
BRDA:114,10,0,0
BRDA:114,10,1,0
BRDA:117,11,0,0
BRDA:117,11,1,0
BRDA:120,12,0,0
BRDA:120,12,1,0
BRDA:123,13,0,0
BRDA:123,13,1,0
BRDA:169,14,0,0
BRDA:169,14,1,0
BRDA:173,15,0,0
BRDA:173,15,1,0
BRDA:176,16,0,0
BRDA:176,16,1,0
BRDA:180,17,0,0
BRDA:180,17,1,0
BRDA:185,18,0,0
BRDA:185,18,1,0
BRDA:213,19,0,0
BRDA:213,19,1,0
BRDA:218,20,0,0
BRDA:218,20,1,0
BRDA:222,21,0,0
BRDA:222,21,1,0
BRDA:225,22,0,0
BRDA:225,22,1,0
BRDA:227,23,0,0
BRDA:227,23,1,0
BRDA:228,24,0,0
BRDA:228,24,1,0
BRDA:234,25,0,0
BRDA:234,25,1,0
BRDA:265,26,0,0
BRDA:265,26,1,0
BRDA:269,27,0,0
BRDA:269,27,1,0
BRDA:272,28,0,0
BRDA:272,28,1,0
BRDA:275,29,0,0
BRDA:275,29,1,0
BRDA:278,30,0,0
BRDA:278,30,1,0
BRDA:282,31,0,0
BRDA:282,31,1,0
BRDA:282,32,0,0
BRDA:282,32,1,0
BRDA:308,33,0,0
BRDA:308,33,1,0
BRDA:312,34,0,0
BRDA:312,34,1,0
BRDA:315,35,0,0
BRDA:315,35,1,0
BRDA:318,36,0,0
BRDA:318,36,1,0
BRDA:322,37,0,0
BRDA:322,37,1,0
BRDA:322,38,0,0
BRDA:322,38,1,0
BRDA:326,39,0,0
BRDA:326,39,1,0
BRF:80
BRH:6
end_of_record
TN:
SF:src/channels.ts
FN:15,channelsCreateV1
FN:22,(anonymous_2)
FN:32,(anonymous_3)
FN:59,(anonymous_4)
FN:84,channelsListV1
FN:88,(anonymous_6)
FN:116,channelsListAllV1
FN:120,(anonymous_8)
FN:124,(anonymous_9)
FNF:9
FNH:3
FNDA:2,channelsCreateV1
FNDA:2,(anonymous_2)
FNDA:0,(anonymous_3)
FNDA:2,(anonymous_4)
FNDA:0,channelsListV1
FNDA:0,(anonymous_6)
FNDA:0,channelsListAllV1
FNDA:0,(anonymous_8)
FNDA:0,(anonymous_9)
DA:1,1
DA:3,1
DA:15,1
DA:16,2
DA:17,2
DA:18,2
DA:20,2
DA:22,2
DA:23,2
DA:24,0
DA:26,2
DA:27,0
DA:29,2
DA:30,0
DA:32,2
DA:33,0
DA:36,2
DA:37,2
DA:38,2
DA:39,2
DA:40,2
DA:41,2
DA:43,2
DA:57,2
DA:59,2
DA:60,2
DA:62,2
DA:64,2
DA:65,2
DA:67,2
DA:70,2
DA:71,2
DA:73,2
DA:74,2
DA:84,1
DA:85,0
DA:86,0
DA:87,0
DA:88,0
DA:89,0
DA:91,0
DA:92,0
DA:94,0
DA:95,0
DA:96,0
DA:97,0
DA:101,0
DA:105,0
DA:116,1
DA:117,0
DA:118,0
DA:119,0
DA:120,0
DA:121,0
DA:123,0
DA:124,0
DA:128,0
DA:129,0
LF:58
LH:32
BRDA:23,0,0,0
BRDA:23,0,1,2
BRDA:26,1,0,0
BRDA:26,1,1,2
BRDA:29,2,0,0
BRDA:29,2,1,2
BRDA:32,3,0,0
BRDA:32,3,1,2
BRDA:89,4,0,0
BRDA:89,4,1,0
BRDA:96,5,0,0
BRDA:96,5,1,0
BRDA:121,6,0,0
BRDA:121,6,1,0
BRF:14
BRH:4
end_of_record
TN:
SF:src/dataStore.ts
FN:43,(anonymous_0)
FN:44,(anonymous_1)
FNF:2
FNH:2
FNDA:28,(anonymous_0)
FNDA:28,(anonymous_1)
DA:2,1
DA:30,1
DA:43,28
DA:44,28
DA:51,1
LF:5
LH:5
BRF:0
BRH:0
end_of_record
TN:
SF:src/dm.ts
FN:14,dmCreateV1
FN:18,(anonymous_2)
FN:23,(anonymous_4)
FN:53,(anonymous_6)
FN:68,(anonymous_7)
FN:70,(anonymous_9)
FN:81,(anonymous_11)
FN:101,dmListV1
FN:105,(anonymous_13)
FN:139,dmDetailsV1
FN:143,(anonymous_15)
FN:147,(anonymous_16)
FN:150,(anonymous_17)
FN:178,dmRemoveV1
FN:182,(anonymous_19)
FN:187,(anonymous_20)
FN:194,(anonymous_21)
FN:199,(anonymous_22)
FN:211,(anonymous_24)
FN:238,dmLeaveV1
FN:244,(anonymous_26)
FN:248,(anonymous_27)
FN:251,(anonymous_28)
FN:255,(anonymous_29)
FN:259,(anonymous_30)
FN:267,(anonymous_31)
FN:289,dmMessagesV1
FN:293,(anonymous_33)
FN:296,(anonymous_34)
FN:317,(anonymous_35)
FNF:30
FNH:7
FNDA:2,dmCreateV1
FNDA:2,(anonymous_2)
FNDA:4,(anonymous_4)
FNDA:4,(anonymous_6)
FNDA:2,(anonymous_7)
FNDA:6,(anonymous_9)
FNDA:6,(anonymous_11)
FNDA:0,dmListV1
FNDA:0,(anonymous_13)
FNDA:0,dmDetailsV1
FNDA:0,(anonymous_15)
FNDA:0,(anonymous_16)
FNDA:0,(anonymous_17)
FNDA:0,dmRemoveV1
FNDA:0,(anonymous_19)
FNDA:0,(anonymous_20)
FNDA:0,(anonymous_21)
FNDA:0,(anonymous_22)
FNDA:0,(anonymous_24)
FNDA:0,dmLeaveV1
FNDA:0,(anonymous_26)
FNDA:0,(anonymous_27)
FNDA:0,(anonymous_28)
FNDA:0,(anonymous_29)
FNDA:0,(anonymous_30)
FNDA:0,(anonymous_31)
FNDA:0,dmMessagesV1
FNDA:0,(anonymous_33)
FNDA:0,(anonymous_34)
FNDA:0,(anonymous_35)
DA:1,1
DA:6,1
DA:14,1
DA:15,2
DA:16,2
DA:17,2
DA:18,2
DA:19,2
DA:22,4
DA:23,4
DA:24,2
DA:25,0
DA:29,2
DA:30,2
DA:32,4
DA:33,2
DA:34,2
DA:36,0
DA:37,0
DA:38,0
DA:39,0
DA:44,2
DA:45,0
DA:49,2
DA:50,2
DA:51,2
DA:52,4
DA:53,4
DA:54,2
DA:55,2
DA:58,2
DA:59,2
DA:60,2
DA:68,2
DA:69,4
DA:70,6
DA:71,4
DA:79,2
DA:80,4
DA:81,6
DA:82,4
DA:84,4
DA:86,2
DA:87,2
DA:88,2
DA:89,2
DA:91,2
DA:101,1
DA:102,0
DA:103,0
DA:104,0
DA:105,0
DA:106,0
DA:108,0
DA:109,0
DA:112,0
DA:113,0
DA:114,0
DA:116,0
DA:120,0
DA:124,0
DA:125,0
DA:139,1
DA:140,0
DA:141,0
DA:142,0
DA:143,0
DA:144,0
DA:145,0
DA:147,0
DA:148,0
DA:150,0
DA:151,0
DA:153,0
DA:154,0
DA:155,0
DA:163,0
DA:164,0
DA:178,1
DA:179,0
DA:180,0
DA:181,0
DA:182,0
DA:183,0
DA:184,0
DA:187,0
DA:188,0
DA:189,0
DA:192,0
DA:194,0
DA:195,0
DA:196,0
DA:199,0
DA:200,0
DA:201,0
DA:204,0
DA:206,0
DA:209,0
DA:210,0
DA:211,0
DA:212,0
DA:213,0
DA:215,0
DA:216,0
DA:218,0
DA:219,0
DA:220,0
DA:222,0
DA:223,0
DA:225,0
DA:226,0
DA:228,0
DA:229,0
DA:238,1
DA:239,0
DA:240,0
DA:241,0
DA:242,0
DA:244,0
DA:245,0
DA:246,0
DA:248,0
DA:249,0
DA:251,0
DA:252,0
DA:254,0
DA:255,0
DA:256,0
DA:258,0
DA:259,0
DA:260,0
DA:261,0
DA:265,0
DA:267,0
DA:268,0
DA:270,0
DA:272,0
DA:273,0
DA:289,1
DA:290,0
DA:291,0
DA:292,0
DA:293,0
DA:294,0
DA:296,0
DA:297,0
DA:298,0
DA:300,0
DA:301,0
DA:303,0
DA:305,0
DA:306,0
DA:309,0
DA:310,0
DA:311,0
DA:312,0
DA:314,0
DA:316,0
DA:317,0
DA:323,0
DA:324,0
LF:161
LH:46
BRDA:19,0,0,0
BRDA:19,0,1,2
BRDA:24,1,0,0
BRDA:24,1,1,2
BRDA:33,2,0,2
BRDA:33,2,1,0
BRDA:37,3,0,0
BRDA:37,3,1,0
BRDA:44,4,0,0
BRDA:44,4,1,2
BRDA:108,5,0,0
BRDA:108,5,1,0
BRDA:114,6,0,0
BRDA:114,6,1,0
BRDA:144,7,0,0
BRDA:144,7,1,0
BRDA:148,8,0,0
BRDA:148,8,1,0
BRDA:151,9,0,0
BRDA:151,9,1,0
BRDA:183,10,0,0
BRDA:183,10,1,0
BRDA:188,11,0,0
BRDA:188,11,1,0
BRDA:195,12,0,0
BRDA:195,12,1,0
BRDA:200,13,0,0
BRDA:200,13,1,0
BRDA:240,14,0,0
BRDA:240,14,1,0
BRDA:245,15,0,0
BRDA:245,15,1,0
BRDA:249,16,0,0
BRDA:249,16,1,0
BRDA:252,17,0,0
BRDA:252,17,1,0
BRDA:260,18,0,0
BRDA:260,18,1,0
BRDA:294,19,0,0
BRDA:294,19,1,0
BRDA:297,20,0,0
BRDA:297,20,1,0
BRDA:301,21,0,0
BRDA:301,21,1,0
BRDA:305,22,0,0
BRDA:305,22,1,0
BRDA:309,23,0,0
BRDA:309,23,1,0
BRDA:311,24,0,0
BRDA:311,24,1,0
BRDA:311,25,0,0
BRDA:311,25,1,0
BRF:52
BRH:4
end_of_record
TN:
SF:src/echo.ts
FN:3,echo
FNF:1
FNH:0
FNDA:0,echo
DA:1,1
DA:4,0
DA:6,0
DA:10,0
DA:13,1
LF:5
LH:2
BRDA:4,0,0,0
BRDA:4,0,1,0
BRF:2
BRH:0
end_of_record
TN:
SF:src/emailSend.ts
FN:24,emailSendCode
FN:31,(anonymous_1)
FNF:2
FNH:0
FNDA:0,emailSendCode
FNDA:0,(anonymous_1)
DA:1,1
DA:2,1
DA:24,1
DA:25,0
DA:31,0
DA:32,0
DA:33,0
LF:7
LH:3
BRDA:32,0,0,0
BRDA:32,0,1,0
BRF:2
BRH:0
end_of_record
TN:
SF:src/message.ts
FN:13,messageSendV1
FN:17,(anonymous_3)
FN:21,(anonymous_4)
FN:28,(anonymous_5)
FN:45,(anonymous_6)
FN:46,(anonymous_7)
FN:49,(anonymous_9)
FN:70,(anonymous_10)
FN:97,messageSendDmV1
FN:101,(anonymous_12)
FN:102,(anonymous_13)
FN:103,(anonymous_14)
FN:104,(anonymous_15)
FN:148,(anonymous_16)
FN:155,(anonymous_17)
FN:156,(anonymous_18)
FN:160,(anonymous_19)
FN:173,(anonymous_20)
FN:200,messageEditV1
FN:206,(anonymous_22)
FN:219,(anonymous_23)
FN:229,(anonymous_24)
FN:244,(anonymous_25)
FN:251,(anonymous_26)
FN:255,(anonymous_27)
FN:264,(anonymous_28)
FN:265,(anonymous_29)
FN:269,(anonymous_31)
FN:309,messagePinV1
FN:313,(anonymous_33)
FN:351,(anonymous_34)
FN:355,(anonymous_35)
FN:360,(anonymous_36)
FN:369,(anonymous_37)
FN:373,(anonymous_38)
FN:378,(anonymous_39)
FN:396,messageUnpinV1
FN:400,(anonymous_41)
FN:438,(anonymous_42)
FN:442,(anonymous_43)
FN:447,(anonymous_44)
FN:456,(anonymous_45)
FN:460,(anonymous_46)
FN:465,(anonymous_47)
FN:482,messageRemoveV1
FN:486,(anonymous_49)
FN:524,(anonymous_50)
FN:528,(anonymous_51)
FN:533,(anonymous_52)
FN:539,(anonymous_53)
FN:543,(anonymous_54)
FN:547,(anonymous_55)
FN:572,messageShareV1
FN:577,(anonymous_57)
FN:583,(anonymous_58)
FN:584,(anonymous_59)
FN:595,(anonymous_60)
FN:597,(anonymous_61)
FN:604,(anonymous_62)
FN:615,(anonymous_63)
FN:644,messageSendLaterV1
FN:649,(anonymous_65)
FN:653,(anonymous_66)
FN:662,(anonymous_67)
FN:667,(anonymous_68)
FN:695,messageSendLaterDmV1
FN:700,(anonymous_70)
FN:704,(anonymous_71)
FN:716,(anonymous_72)
FN:736,messageReactV1
FN:740,(anonymous_74)
FN:748,(anonymous_75)
FN:749,(anonymous_76)
FN:760,(anonymous_77)
FN:761,(anonymous_78)
FN:776,(anonymous_79)
FN:779,(anonymous_80)
FN:780,(anonymous_81)
FN:786,(anonymous_82)
FN:787,(anonymous_83)
FN:810,(anonymous_84)
FN:813,(anonymous_85)
FN:814,(anonymous_86)
FN:818,(anonymous_87)
FN:819,(anonymous_88)
FN:841,messageUnreactV1
FN:846,(anonymous_90)
FN:851,(anonymous_91)
FN:858,(anonymous_92)
FN:875,(anonymous_93)
FN:878,(anonymous_94)
FN:879,(anonymous_95)
FN:893,(anonymous_96)
FN:897,(anonymous_97)
FN:898,(anonymous_98)
FNF:95
FNH:25
FNDA:2,messageSendV1
FNDA:2,(anonymous_3)
FNDA:2,(anonymous_4)
FNDA:2,(anonymous_5)
FNDA:1,(anonymous_6)
FNDA:2,(anonymous_7)
FNDA:2,(anonymous_9)
FNDA:2,(anonymous_10)
FNDA:2,messageSendDmV1
FNDA:2,(anonymous_12)
FNDA:3,(anonymous_13)
FNDA:2,(anonymous_14)
FNDA:3,(anonymous_15)
FNDA:3,(anonymous_16)
FNDA:1,(anonymous_17)
FNDA:2,(anonymous_18)
FNDA:2,(anonymous_19)
FNDA:3,(anonymous_20)
FNDA:2,messageEditV1
FNDA:2,(anonymous_22)
FNDA:1,(anonymous_23)
FNDA:1,(anonymous_24)
FNDA:0,(anonymous_25)
FNDA:0,(anonymous_26)
FNDA:0,(anonymous_27)
FNDA:2,(anonymous_28)
FNDA:4,(anonymous_29)
FNDA:2,(anonymous_31)
FNDA:0,messagePinV1
FNDA:0,(anonymous_33)
FNDA:0,(anonymous_34)
FNDA:0,(anonymous_35)
FNDA:0,(anonymous_36)
FNDA:0,(anonymous_37)
FNDA:0,(anonymous_38)
FNDA:0,(anonymous_39)
FNDA:0,messageUnpinV1
FNDA:0,(anonymous_41)
FNDA:0,(anonymous_42)
FNDA:0,(anonymous_43)
FNDA:0,(anonymous_44)
FNDA:0,(anonymous_45)
FNDA:0,(anonymous_46)
FNDA:0,(anonymous_47)
FNDA:0,messageRemoveV1
FNDA:0,(anonymous_49)
FNDA:0,(anonymous_50)
FNDA:0,(anonymous_51)
FNDA:0,(anonymous_52)
FNDA:0,(anonymous_53)
FNDA:0,(anonymous_54)
FNDA:0,(anonymous_55)
FNDA:0,messageShareV1
FNDA:0,(anonymous_57)
FNDA:0,(anonymous_58)
FNDA:0,(anonymous_59)
FNDA:0,(anonymous_60)
FNDA:0,(anonymous_61)
FNDA:0,(anonymous_62)
FNDA:0,(anonymous_63)
FNDA:0,messageSendLaterV1
FNDA:0,(anonymous_65)
FNDA:0,(anonymous_66)
FNDA:0,(anonymous_67)
FNDA:0,(anonymous_68)
FNDA:0,messageSendLaterDmV1
FNDA:0,(anonymous_70)
FNDA:0,(anonymous_71)
FNDA:0,(anonymous_72)
FNDA:0,messageReactV1
FNDA:0,(anonymous_74)
FNDA:0,(anonymous_75)
FNDA:0,(anonymous_76)
FNDA:0,(anonymous_77)
FNDA:0,(anonymous_78)
FNDA:0,(anonymous_79)
FNDA:0,(anonymous_80)
FNDA:0,(anonymous_81)
FNDA:0,(anonymous_82)
FNDA:0,(anonymous_83)
FNDA:0,(anonymous_84)
FNDA:0,(anonymous_85)
FNDA:0,(anonymous_86)
FNDA:0,(anonymous_87)
FNDA:0,(anonymous_88)
FNDA:0,messageUnreactV1
FNDA:0,(anonymous_90)
FNDA:0,(anonymous_91)
FNDA:0,(anonymous_92)
FNDA:0,(anonymous_93)
FNDA:0,(anonymous_94)
FNDA:0,(anonymous_95)
FNDA:0,(anonymous_96)
FNDA:0,(anonymous_97)
FNDA:0,(anonymous_98)
DA:1,1
DA:3,1
DA:13,1
DA:14,2
DA:15,2
DA:16,2
DA:17,2
DA:18,2
DA:19,2
DA:21,2
DA:22,2
DA:24,2
DA:26,2
DA:28,2
DA:29,2
DA:31,2
DA:32,2
DA:33,2
DA:36,2
DA:37,2
DA:38,2
DA:39,2
DA:40,4
DA:41,4
DA:44,2
DA:45,1
DA:46,2
DA:47,2
DA:48,1
DA:49,2
DA:50,1
DA:58,2
DA:66,2
DA:68,2
DA:69,2
DA:70,2
DA:72,2
DA:73,2
DA:76,2
DA:77,2
DA:78,2
DA:80,2
DA:81,0
DA:83,2
DA:85,2
DA:87,2
DA:97,1
DA:98,2
DA:99,2
DA:100,2
DA:101,2
DA:102,3
DA:103,2
DA:104,3
DA:107,2
DA:108,0
DA:110,2
DA:111,0
DA:113,2
DA:114,0
DA:115,2
DA:116,0
DA:119,2
DA:120,4
DA:121,4
DA:122,2
DA:125,2
DA:126,0
DA:130,2
DA:131,2
DA:132,2
DA:133,2
DA:134,20
DA:136,2
DA:138,2
DA:146,2
DA:148,3
DA:150,2
DA:151,2
DA:152,2
DA:154,2
DA:155,1
DA:156,2
DA:157,2
DA:158,1
DA:159,1
DA:160,2
DA:161,1
DA:171,2
DA:172,2
DA:173,3
DA:175,2
DA:176,2
DA:179,2
DA:180,2
DA:181,0
DA:183,2
DA:184,2
DA:186,2
DA:187,2
DA:189,2
DA:200,1
DA:201,2
DA:202,2
DA:203,2
DA:204,2
DA:206,2
DA:207,2
DA:208,2
DA:210,2
DA:216,2
DA:218,2
DA:219,1
DA:220,1
DA:221,1
DA:222,2
DA:223,2
DA:228,2
DA:229,1
DA:230,1
DA:231,1
DA:235,2
DA:237,2
DA:238,2
DA:239,1
DA:241,0
DA:243,1
DA:244,0
DA:246,1
DA:249,2
DA:250,1
DA:251,0
DA:252,0
DA:254,1
DA:255,0
DA:257,1
DA:260,2
DA:261,2
DA:262,2
DA:263,2
DA:264,2
DA:265,4
DA:266,4
DA:267,2
DA:268,2
DA:269,2
DA:270,1
DA:277,0
DA:278,0
DA:289,2
DA:290,2
DA:291,1
DA:293,2
DA:294,1
DA:296,2
DA:297,2
DA:298,2
DA:309,1
DA:310,0
DA:311,0
DA:312,0
DA:313,0
DA:314,0
DA:315,0
DA:318,0
DA:319,0
DA:320,0
DA:321,0
DA:322,0
DA:323,0
DA:326,0
DA:327,0
DA:332,0
DA:333,0
DA:334,0
DA:335,0
DA:336,0
DA:337,0
DA:340,0
DA:341,0
DA:345,0
DA:346,0
DA:350,0
DA:351,0
DA:352,0
DA:353,0
DA:355,0
DA:356,0
DA:357,0
DA:360,0
DA:361,0
DA:362,0
DA:364,0
DA:368,0
DA:369,0
DA:370,0
DA:371,0
DA:373,0
DA:374,0
DA:375,0
DA:378,0
DA:379,0
DA:380,0
DA:382,0
DA:384,0
DA:385,0
DA:396,1
DA:397,0
DA:398,0
DA:399,0
DA:400,0
DA:401,0
DA:402,0
DA:405,0
DA:406,0
DA:407,0
DA:408,0
DA:409,0
DA:410,0
DA:413,0
DA:414,0
DA:419,0
DA:420,0
DA:421,0
DA:422,0
DA:423,0
DA:424,0
DA:427,0
DA:428,0
DA:432,0
DA:433,0
DA:437,0
DA:438,0
DA:439,0
DA:440,0
DA:442,0
DA:443,0
DA:444,0
DA:447,0
DA:448,0
DA:449,0
DA:451,0
DA:455,0
DA:456,0
DA:457,0
DA:458,0
DA:460,0
DA:461,0
DA:462,0
DA:465,0
DA:466,0
DA:467,0
DA:469,0
DA:471,0
DA:472,0
DA:482,1
DA:483,0
DA:484,0
DA:485,0
DA:486,0
DA:487,0
DA:488,0
DA:491,0
DA:492,0
DA:493,0
DA:494,0
DA:495,0
DA:496,0
DA:499,0
DA:500,0
DA:505,0
DA:506,0
DA:507,0
DA:508,0
DA:509,0
DA:510,0
DA:513,0
DA:514,0
DA:518,0
DA:519,0
DA:523,0
DA:524,0
DA:525,0
DA:526,0
DA:528,0
DA:529,0
DA:530,0
DA:533,0
DA:534,0
DA:538,0
DA:539,0
DA:540,0
DA:541,0
DA:543,0
DA:544,0
DA:545,0
DA:547,0
DA:548,0
DA:551,0
DA:552,0
DA:553,0
DA:555,0
DA:556,0
DA:558,0
DA:559,0
DA:560,0
DA:572,1
DA:573,0
DA:574,0
DA:575,0
DA:576,0
DA:577,0
DA:578,0
DA:579,0
DA:581,0
DA:583,0
DA:584,0
DA:585,0
DA:587,0
DA:589,0
DA:594,0
DA:595,0
DA:596,0
DA:597,0
DA:598,0
DA:603,0
DA:604,0
DA:605,0
DA:606,0
DA:607,0
DA:612,0
DA:614,0
DA:615,0
DA:616,0
DA:617,0
DA:619,0
DA:620,0
DA:621,0
DA:624,0
DA:625,0
DA:626,0
DA:627,0
DA:629,0
DA:630,0
DA:631,0
DA:644,1
DA:645,0
DA:646,0
DA:647,0
DA:648,0
DA:649,0
DA:650,0
DA:651,0
DA:653,0
DA:654,0
DA:656,0
DA:657,0
DA:659,0
DA:660,0
DA:662,0
DA:663,0
DA:665,0
DA:667,0
DA:668,0
DA:676,0
DA:678,0
DA:679,0
DA:680,0
DA:683,0
DA:684,0
DA:695,1
DA:696,0
DA:697,0
DA:698,0
DA:699,0
DA:700,0
DA:701,0
DA:702,0
DA:704,0
DA:705,0
DA:707,0
DA:708,0
DA:710,0
DA:711,0
DA:713,0
DA:714,0
DA:715,0
DA:716,0
DA:717,0
DA:725,0
DA:727,0
DA:728,0
DA:729,0
DA:732,0
DA:733,0
DA:736,1
DA:737,0
DA:738,0
DA:739,0
DA:740,0
DA:745,0
DA:747,0
DA:748,0
DA:749,0
DA:750,0
DA:751,0
DA:752,0
DA:753,0
DA:755,0
DA:759,0
DA:760,0
DA:761,0
DA:762,0
DA:763,0
DA:768,0
DA:769,0
DA:771,0
DA:772,0
DA:775,0
DA:776,0
DA:778,0
DA:779,0
DA:780,0
DA:781,0
DA:783,0
DA:785,0
DA:786,0
DA:787,0
DA:788,0
DA:795,0
DA:796,0
DA:799,0
DA:804,0
DA:805,0
DA:806,0
DA:809,0
DA:810,0
DA:812,0
DA:813,0
DA:814,0
DA:815,0
DA:817,0
DA:818,0
DA:819,0
DA:820,0
DA:825,0
DA:826,0
DA:830,0
DA:835,0
DA:836,0
DA:837,0
DA:841,1
DA:843,0
DA:844,0
DA:845,0
DA:846,0
DA:850,0
DA:851,0
DA:852,0
DA:853,0
DA:857,0
DA:858,0
DA:859,0
DA:860,0
DA:865,0
DA:866,0
DA:867,0
DA:869,0
DA:870,0
DA:871,0
DA:874,0
DA:875,0
DA:877,0
DA:878,0
DA:879,0
DA:880,0
DA:883,0
DA:886,0
DA:887,0
DA:888,0
DA:889,0
DA:892,0
DA:893,0
DA:896,0
DA:897,0
DA:898,0
DA:899,0
DA:902,0
DA:904,0
DA:905,0
DA:906,0
DA:907,0
LF:492
LH:151
BRDA:18,0,0,0
BRDA:18,0,1,2
BRDA:22,1,0,0
BRDA:22,1,1,2
BRDA:24,2,0,0
BRDA:24,2,1,2
BRDA:26,3,0,0
BRDA:26,3,1,2
BRDA:29,4,0,0
BRDA:29,4,1,2
BRDA:44,5,0,1
BRDA:44,5,1,1
BRDA:48,6,0,1
BRDA:48,6,1,0
BRDA:107,7,0,0
BRDA:107,7,1,2
BRDA:110,8,0,0
BRDA:110,8,1,2
BRDA:113,9,0,0
BRDA:113,9,1,2
BRDA:115,10,0,0
BRDA:115,10,1,2
BRDA:121,11,0,2
BRDA:121,11,1,2
BRDA:125,12,0,0
BRDA:125,12,1,2
BRDA:154,13,0,1
BRDA:154,13,1,1
BRDA:158,14,0,1
BRDA:158,14,1,0
BRDA:202,15,0,2
BRDA:202,15,1,0
BRDA:207,16,0,0
BRDA:207,16,1,2
BRDA:210,17,0,0
BRDA:210,17,1,2
BRDA:220,18,0,1
BRDA:220,18,1,0
BRDA:230,19,0,1
BRDA:230,19,1,0
BRDA:235,20,0,0
BRDA:235,20,1,2
BRDA:235,21,0,2
BRDA:235,21,1,1
BRDA:238,22,0,1
BRDA:238,22,1,1
BRDA:239,23,0,0
BRDA:239,23,1,1
BRDA:239,24,0,1
BRDA:239,24,1,0
BRDA:239,24,2,0
BRDA:243,25,0,0
BRDA:243,25,1,1
BRDA:249,26,0,1
BRDA:249,26,1,1
BRDA:250,27,0,0
BRDA:250,27,1,1
BRDA:250,28,0,1
BRDA:250,28,1,0
BRDA:250,28,2,0
BRDA:254,29,0,0
BRDA:254,29,1,1
BRDA:263,30,0,2
BRDA:263,30,1,0
BRDA:267,31,0,2
BRDA:267,31,1,0
BRDA:268,32,0,1
BRDA:268,32,1,1
BRDA:277,33,0,0
BRDA:277,33,1,0
BRDA:314,34,0,0
BRDA:314,34,1,0
BRDA:322,35,0,0
BRDA:322,35,1,0
BRDA:326,36,0,0
BRDA:326,36,1,0
BRDA:336,37,0,0
BRDA:336,37,1,0
BRDA:340,38,0,0
BRDA:340,38,1,0
BRDA:345,39,0,0
BRDA:345,39,1,0
BRDA:345,40,0,0
BRDA:345,40,1,0
BRDA:350,41,0,0
BRDA:350,41,1,0
BRDA:352,42,0,0
BRDA:352,42,1,0
BRDA:356,43,0,0
BRDA:356,43,1,0
BRDA:361,44,0,0
BRDA:361,44,1,0
BRDA:368,45,0,0
BRDA:368,45,1,0
BRDA:370,46,0,0
BRDA:370,46,1,0
BRDA:374,47,0,0
BRDA:374,47,1,0
BRDA:379,48,0,0
BRDA:379,48,1,0
BRDA:401,49,0,0
BRDA:401,49,1,0
BRDA:409,50,0,0
BRDA:409,50,1,0
BRDA:413,51,0,0
BRDA:413,51,1,0
BRDA:423,52,0,0
BRDA:423,52,1,0
BRDA:427,53,0,0
BRDA:427,53,1,0
BRDA:432,54,0,0
BRDA:432,54,1,0
BRDA:432,55,0,0
BRDA:432,55,1,0
BRDA:437,56,0,0
BRDA:437,56,1,0
BRDA:439,57,0,0
BRDA:439,57,1,0
BRDA:443,58,0,0
BRDA:443,58,1,0
BRDA:448,59,0,0
BRDA:448,59,1,0
BRDA:455,60,0,0
BRDA:455,60,1,0
BRDA:457,61,0,0
BRDA:457,61,1,0
BRDA:461,62,0,0
BRDA:461,62,1,0
BRDA:466,63,0,0
BRDA:466,63,1,0
BRDA:487,64,0,0
BRDA:487,64,1,0
BRDA:495,65,0,0
BRDA:495,65,1,0
BRDA:499,66,0,0
BRDA:499,66,1,0
BRDA:509,67,0,0
BRDA:509,67,1,0
BRDA:513,68,0,0
BRDA:513,68,1,0
BRDA:518,69,0,0
BRDA:518,69,1,0
BRDA:518,70,0,0
BRDA:518,70,1,0
BRDA:523,71,0,0
BRDA:523,71,1,0
BRDA:525,72,0,0
BRDA:525,72,1,0
BRDA:529,73,0,0
BRDA:529,73,1,0
BRDA:538,74,0,0
BRDA:538,74,1,0
BRDA:540,75,0,0
BRDA:540,75,1,0
BRDA:544,76,0,0
BRDA:544,76,1,0
BRDA:578,77,0,0
BRDA:578,77,1,0
BRDA:585,78,0,0
BRDA:585,78,1,0
BRDA:585,79,0,0
BRDA:585,79,1,0
BRDA:587,80,0,0
BRDA:587,80,1,0
BRDA:587,81,0,0
BRDA:587,81,1,0
BRDA:589,82,0,0
BRDA:589,82,1,0
BRDA:596,83,0,0
BRDA:596,83,1,0
BRDA:597,84,0,0
BRDA:597,84,1,0
BRDA:605,85,0,0
BRDA:605,85,1,0
BRDA:606,86,0,0
BRDA:606,86,1,0
BRDA:612,87,0,0
BRDA:612,87,1,0
BRDA:612,88,0,0
BRDA:612,88,1,0
BRDA:614,89,0,0
BRDA:614,89,1,0
BRDA:615,90,0,0
BRDA:615,90,1,0
BRDA:624,91,0,0
BRDA:624,91,1,0
BRDA:625,92,0,0
BRDA:625,92,1,0
BRDA:650,93,0,0
BRDA:650,93,1,0
BRDA:654,94,0,0
BRDA:654,94,1,0
BRDA:656,95,0,0
BRDA:656,95,1,0
BRDA:657,96,0,0
BRDA:657,96,1,0
BRDA:660,97,0,0
BRDA:660,97,1,0
BRDA:663,98,0,0
BRDA:663,98,1,0
BRDA:701,99,0,0
BRDA:701,99,1,0
BRDA:705,100,0,0
BRDA:705,100,1,0
BRDA:707,101,0,0
BRDA:707,101,1,0
BRDA:708,102,0,0
BRDA:708,102,1,0
BRDA:711,103,0,0
BRDA:711,103,1,0
BRDA:714,104,0,0
BRDA:714,104,1,0
BRDA:750,105,0,0
BRDA:750,105,1,0
BRDA:762,106,0,0
BRDA:762,106,1,0
BRDA:768,107,0,0
BRDA:768,107,1,0
BRDA:768,108,0,0
BRDA:768,108,1,0
BRDA:771,109,0,0
BRDA:771,109,1,0
BRDA:775,110,0,0
BRDA:775,110,1,0
BRDA:775,111,0,0
BRDA:775,111,1,0
BRDA:778,112,0,0
BRDA:778,112,1,0
BRDA:780,113,0,0
BRDA:780,113,1,0
BRDA:785,114,0,0
BRDA:785,114,1,0
BRDA:809,115,0,0
BRDA:809,115,1,0
BRDA:809,116,0,0
BRDA:809,116,1,0
BRDA:812,117,0,0
BRDA:812,117,1,0
BRDA:814,118,0,0
BRDA:814,118,1,0
BRDA:852,119,0,0
BRDA:852,119,1,0
BRDA:859,120,0,0
BRDA:859,120,1,0
BRDA:865,121,0,0
BRDA:865,121,1,0
BRDA:865,122,0,0
BRDA:865,122,1,0
BRDA:869,123,0,0
BRDA:869,123,1,0
BRDA:874,124,0,0
BRDA:874,124,1,0
BRDA:874,125,0,0
BRDA:874,125,1,0
BRDA:877,126,0,0
BRDA:877,126,1,0
BRDA:879,127,0,0
BRDA:879,127,1,0
BRDA:892,128,0,0
BRDA:892,128,1,0
BRDA:892,129,0,0
BRDA:892,129,1,0
BRDA:896,130,0,0
BRDA:896,130,1,0
BRDA:898,131,0,0
BRDA:898,131,1,0
BRF:266
BRH:40
end_of_record
TN:
SF:src/other.ts
FN:8,clearV1
FN:22,(anonymous_2)
FN:26,(anonymous_3)
FN:41,notificationsGetV1
FN:45,(anonymous_5)
FNF:5
FNH:4
FNDA:7,clearV1
FNDA:7,(anonymous_2)
FNDA:0,(anonymous_3)
FNDA:7,notificationsGetV1
FNDA:11,(anonymous_5)
DA:1,1
DA:3,1
DA:4,1
DA:5,1
DA:6,1
DA:8,1
DA:9,7
DA:22,7
DA:23,7
DA:25,14
DA:26,0
DA:27,0
DA:31,7
DA:32,7
DA:41,1
DA:42,7
DA:43,7
DA:44,7
DA:45,11
DA:46,7
DA:47,6
DA:49,6
LF:22
LH:20
BRDA:23,0,0,0
BRDA:23,0,1,7
BRDA:27,1,0,0
BRDA:27,1,1,0
BRDA:46,2,0,1
BRDA:46,2,1,6
BRF:6
BRH:3
end_of_record
TN:
SF:src/search.ts
FN:14,searchV1
FN:18,(anonymous_2)
FN:26,(anonymous_3)
FN:31,(anonymous_4)
FNF:4
FNH:0
FNDA:0,searchV1
FNDA:0,(anonymous_2)
FNDA:0,(anonymous_3)
FNDA:0,(anonymous_4)
DA:1,1
DA:3,1
DA:14,1
DA:15,0
DA:16,0
DA:17,0
DA:18,0
DA:19,0
DA:21,0
DA:23,0
DA:25,0
DA:26,0
DA:27,0
DA:30,0
DA:31,0
DA:32,0
DA:35,0
LF:17
LH:3
BRDA:19,0,0,0
BRDA:19,0,1,0
BRDA:21,1,0,0
BRDA:21,1,1,0
BRDA:21,2,0,0
BRDA:21,2,1,0
BRF:6
BRH:0
end_of_record
TN:
SF:src/server.ts
FN:45,(anonymous_7)
FN:58,(anonymous_8)
FN:63,(anonymous_9)
FN:70,(anonymous_10)
FN:77,(anonymous_11)
FN:82,(anonymous_12)
FN:88,(anonymous_13)
FN:94,(anonymous_14)
FN:101,(anonymous_15)
FN:109,(anonymous_16)
FN:117,(anonymous_17)
FN:122,(anonymous_18)
FN:127,(anonymous_19)
FN:133,(anonymous_20)
FN:141,(anonymous_21)
FN:147,(anonymous_22)
FN:153,(anonymous_23)
FN:158,(anonymous_24)
FN:164,(anonymous_25)
FN:170,(anonymous_26)
FN:176,(anonymous_27)
FN:181,(anonymous_28)
FN:186,(anonymous_29)
FN:192,(anonymous_30)
FN:198,(anonymous_31)
FN:203,(anonymous_32)
FN:209,(anonymous_33)
FN:214,(anonymous_34)
FN:220,(anonymous_35)
FN:227,(anonymous_36)
FN:233,(anonymous_37)
FN:239,(anonymous_38)
FN:245,(anonymous_39)
FN:251,(anonymous_40)
FN:257,(anonymous_41)
FN:262,(anonymous_42)
FN:268,(anonymous_43)
FN:274,(anonymous_44)
FN:280,(anonymous_45)
FN:286,(anonymous_46)
FN:291,(anonymous_47)
FN:297,(anonymous_48)
FN:302,(anonymous_49)
FN:308,(anonymous_50)
FN:314,(anonymous_51)
FN:320,(anonymous_52)
FN:326,(anonymous_53)
FN:332,(anonymous_54)
FN:339,(anonymous_55)
FN:343,(anonymous_56)
FN:352,(anonymous_57)
FN:353,(anonymous_58)
FNF:52
FNH:12
FNDA:0,(anonymous_7)
FNDA:1,(anonymous_8)
FNDA:9,(anonymous_9)
FNDA:0,(anonymous_10)
FNDA:0,(anonymous_11)
FNDA:0,(anonymous_12)
FNDA:0,(anonymous_13)
FNDA:0,(anonymous_14)
FNDA:2,(anonymous_15)
FNDA:2,(anonymous_16)
FNDA:0,(anonymous_17)
FNDA:0,(anonymous_18)
FNDA:0,(anonymous_19)
FNDA:0,(anonymous_20)
FNDA:0,(anonymous_21)
FNDA:0,(anonymous_22)
FNDA:0,(anonymous_23)
FNDA:0,(anonymous_24)
FNDA:0,(anonymous_25)
FNDA:0,(anonymous_26)
FNDA:0,(anonymous_27)
FNDA:0,(anonymous_28)
FNDA:2,(anonymous_29)
FNDA:0,(anonymous_30)
FNDA:0,(anonymous_31)
FNDA:2,(anonymous_32)
FNDA:0,(anonymous_33)
FNDA:0,(anonymous_34)
FNDA:0,(anonymous_35)
FNDA:0,(anonymous_36)
FNDA:0,(anonymous_37)
FNDA:2,(anonymous_38)
FNDA:0,(anonymous_39)
FNDA:2,(anonymous_40)
FNDA:0,(anonymous_41)
FNDA:0,(anonymous_42)
FNDA:0,(anonymous_43)
FNDA:0,(anonymous_44)
FNDA:0,(anonymous_45)
FNDA:0,(anonymous_46)
FNDA:0,(anonymous_47)
FNDA:0,(anonymous_48)
FNDA:0,(anonymous_49)
FNDA:0,(anonymous_50)
FNDA:0,(anonymous_51)
FNDA:0,(anonymous_52)
FNDA:0,(anonymous_53)
FNDA:0,(anonymous_54)
FNDA:6,(anonymous_55)
FNDA:7,(anonymous_56)
FNDA:1,(anonymous_57)
FNDA:1,(anonymous_58)
DA:1,1
DA:2,1
DA:3,1
DA:4,1
DA:5,1
DA:6,1
DA:7,1
DA:8,1
DA:9,1
DA:13,1
DA:17,1
DA:18,1
DA:22,1
DA:23,1
DA:24,1
DA:25,1
DA:27,1
DA:28,1
DA:29,1
DA:33,1
DA:35,1
DA:37,1
DA:39,1
DA:41,1
DA:42,1
DA:45,1
DA:46,0
DA:47,0
DA:48,0
DA:50,0
DA:55,1
DA:58,1
DA:60,1
DA:63,1
DA:64,9
DA:65,9
DA:70,1
DA:71,0
DA:72,0
DA:77,1
DA:78,0
DA:79,0
DA:82,1
DA:83,0
DA:84,0
DA:88,1
DA:89,0
DA:90,0
DA:94,1
DA:95,0
DA:96,0
DA:101,1
DA:102,2
DA:103,2
DA:104,2
DA:109,1
DA:110,2
DA:111,2
DA:112,2
DA:117,1
DA:118,0
DA:119,0
DA:122,1
DA:123,0
DA:124,0
DA:127,1
DA:128,0
DA:129,0
DA:133,1
DA:134,0
DA:135,0
DA:136,0
DA:141,1
DA:142,0
DA:143,0
DA:144,0
DA:147,1
DA:148,0
DA:149,0
DA:153,1
DA:154,0
DA:155,0
DA:158,1
DA:159,0
DA:160,0
DA:161,0
DA:164,1
DA:165,0
DA:166,0
DA:167,0
DA:170,1
DA:171,0
DA:172,0
DA:173,0
DA:176,1
DA:177,0
DA:178,0
DA:181,1
DA:182,0
DA:183,0
DA:186,1
DA:187,2
DA:188,2
DA:189,2
DA:192,1
DA:193,0
DA:194,0
DA:195,0
DA:198,1
DA:199,0
DA:200,0
DA:201,0
DA:203,1
DA:204,2
DA:205,2
DA:206,2
DA:209,1
DA:210,0
DA:211,0
DA:214,1
DA:215,0
DA:216,0
DA:217,0
DA:220,1
DA:221,0
DA:222,0
DA:227,1
DA:228,0
DA:229,0
DA:233,1
DA:234,0
DA:235,0
DA:239,1
DA:240,2
DA:241,2
DA:242,2
DA:245,1
DA:246,0
DA:247,0
DA:251,1
DA:252,2
DA:253,2
DA:254,2
DA:257,1
DA:258,0
DA:259,0
DA:262,1
DA:263,0
DA:264,0
DA:268,1
DA:269,0
DA:270,0
DA:271,0
DA:274,1
DA:275,0
DA:276,0
DA:277,0
DA:280,1
DA:281,0
DA:282,0
DA:283,0
DA:286,1
DA:287,0
DA:288,0
DA:289,0
DA:291,1
DA:292,0
DA:293,0
DA:294,0
DA:297,1
DA:298,0
DA:299,0
DA:300,0
DA:302,1
DA:303,0
DA:304,0
DA:305,0
DA:308,1
DA:309,0
DA:310,0
DA:314,1
DA:315,0
DA:316,0
DA:317,0
DA:320,1
DA:321,0
DA:322,0
DA:323,0
DA:326,1
DA:327,0
DA:328,0
DA:329,0
DA:332,1
DA:333,0
DA:334,0
DA:335,0
DA:339,1
DA:340,6
DA:343,1
DA:344,7
DA:345,7
DA:349,1
DA:352,1
DA:353,1
LF:204
LH:103
BRDA:28,0,0,1
BRDA:28,0,1,0
BRDA:41,1,0,1
BRDA:41,1,1,1
BRDA:42,2,0,1
BRDA:42,2,1,1
BRF:6
BRH:5
end_of_record
TN:
SF:src/standup.ts
FN:14,standupStartV1
FN:18,(anonymous_2)
FN:22,(anonymous_3)
FN:25,(anonymous_4)
FN:36,(anonymous_5)
FN:68,standupActiveV1
FN:73,(anonymous_7)
FN:77,(anonymous_8)
FN:80,(anonymous_9)
FN:106,standupSendV1
FN:111,(anonymous_11)
FN:115,(anonymous_12)
FN:118,(anonymous_13)
FNF:13
FNH:0
FNDA:0,standupStartV1
FNDA:0,(anonymous_2)
FNDA:0,(anonymous_3)
FNDA:0,(anonymous_4)
FNDA:0,(anonymous_5)
FNDA:0,standupActiveV1
FNDA:0,(anonymous_7)
FNDA:0,(anonymous_8)
FNDA:0,(anonymous_9)
FNDA:0,standupSendV1
FNDA:0,(anonymous_11)
FNDA:0,(anonymous_12)
FNDA:0,(anonymous_13)
DA:1,1
DA:3,1
DA:14,1
DA:15,0
DA:16,0
DA:17,0
DA:18,0
DA:19,0
DA:20,0
DA:22,0
DA:23,0
DA:25,0
DA:26,0
DA:28,0
DA:30,0
DA:32,0
DA:33,0
DA:34,0
DA:35,0
DA:36,0
DA:37,0
DA:38,0
DA:39,0
DA:47,0
DA:48,0
DA:49,0
DA:50,0
DA:51,0
DA:52,0
DA:55,0
DA:56,0
DA:68,1
DA:69,0
DA:70,0
DA:71,0
DA:73,0
DA:74,0
DA:75,0
DA:77,0
DA:78,0
DA:80,0
DA:81,0
DA:83,0
DA:84,0
DA:85,0
DA:86,0
DA:87,0
DA:89,0
DA:93,0
DA:94,0
DA:106,1
DA:107,0
DA:108,0
DA:109,0
DA:111,0
DA:112,0
DA:113,0
DA:115,0
DA:116,0
DA:118,0
DA:119,0
DA:121,0
DA:123,0
DA:125,0
DA:126,0
DA:127,0
DA:128,0
LF:67
LH:5
BRDA:19,0,0,0
BRDA:19,0,1,0
BRDA:23,1,0,0
BRDA:23,1,1,0
BRDA:26,2,0,0
BRDA:26,2,1,0
BRDA:28,3,0,0
BRDA:28,3,1,0
BRDA:30,4,0,0
BRDA:30,4,1,0
BRDA:74,5,0,0
BRDA:74,5,1,0
BRDA:78,6,0,0
BRDA:78,6,1,0
BRDA:81,7,0,0
BRDA:81,7,1,0
BRDA:85,8,0,0
BRDA:85,8,1,0
BRDA:112,9,0,0
BRDA:112,9,1,0
BRDA:116,10,0,0
BRDA:116,10,1,0
BRDA:119,11,0,0
BRDA:119,11,1,0
BRDA:121,12,0,0
BRDA:121,12,1,0
BRDA:123,13,0,0
BRDA:123,13,1,0
BRF:28
BRH:0
end_of_record
TN:
SF:src/users.ts
FN:20,userProfileV1
FN:24,(anonymous_2)
FN:27,(anonymous_3)
FN:48,usersAllV1
FN:53,(anonymous_5)
FN:58,(anonymous_6)
FN:59,(anonymous_7)
FN:79,userProfileSetnameV1
FN:83,(anonymous_9)
FN:107,userProfileSetemailV1
FN:111,(anonymous_11)
FN:112,(anonymous_12)
FN:137,userProfileSethandleV1
FN:141,(anonymous_14)
FN:142,(anonymous_15)
FN:168,userStatsV1
FN:172,(anonymous_17)
FN:176,(anonymous_18)
FN:221,usersStatsV1
FN:225,(anonymous_20)
FN:271,userProfileUploadPhotoV1
FN:276,(anonymous_22)
FN:277,(anonymous_23)
FN:325,(anonymous_24)
FNF:24
FNH:0
FNDA:0,userProfileV1
FNDA:0,(anonymous_2)
FNDA:0,(anonymous_3)
FNDA:0,usersAllV1
FNDA:0,(anonymous_5)
FNDA:0,(anonymous_6)
FNDA:0,(anonymous_7)
FNDA:0,userProfileSetnameV1
FNDA:0,(anonymous_9)
FNDA:0,userProfileSetemailV1
FNDA:0,(anonymous_11)
FNDA:0,(anonymous_12)
FNDA:0,userProfileSethandleV1
FNDA:0,(anonymous_14)
FNDA:0,(anonymous_15)
FNDA:0,userStatsV1
FNDA:0,(anonymous_17)
FNDA:0,(anonymous_18)
FNDA:0,usersStatsV1
FNDA:0,(anonymous_20)
FNDA:0,userProfileUploadPhotoV1
FNDA:0,(anonymous_22)
FNDA:0,(anonymous_23)
FNDA:0,(anonymous_24)
DA:1,1
DA:3,1
DA:4,1
DA:5,1
DA:6,1
DA:7,1
DA:8,1
DA:9,1
DA:10,1
DA:20,1
DA:21,0
DA:22,0
DA:23,0
DA:24,0
DA:25,0
DA:27,0
DA:28,0
DA:30,0
DA:31,0
DA:48,1
DA:49,0
DA:50,0
DA:51,0
DA:53,0
DA:54,0
DA:57,0
DA:58,0
DA:59,0
DA:66,0
DA:67,0
DA:79,1
DA:80,0
DA:81,0
DA:82,0
DA:83,0
DA:85,0
DA:87,0
DA:88,0
DA:90,0
DA:91,0
DA:94,0
DA:95,0
DA:96,0
DA:97,0
DA:107,1
DA:108,0
DA:109,0
DA:110,0
DA:111,0
DA:112,0
DA:114,0
DA:116,0
DA:117,0
DA:120,0
DA:121,0
DA:124,0
DA:125,0
DA:126,0
DA:137,1
DA:138,0
DA:139,0
DA:140,0
DA:141,0
DA:142,0
DA:144,0
DA:146,0
DA:148,0
DA:149,0
DA:151,0
DA:152,0
DA:153,0
DA:156,0
DA:157,0
DA:158,0
DA:168,1
DA:169,0
DA:170,0
DA:171,0
DA:172,0
DA:174,0
DA:175,0
DA:176,0
DA:178,0
DA:179,0
DA:180,0
DA:181,0
DA:183,0
DA:184,0
DA:185,0
DA:186,0
DA:187,0
DA:189,0
DA:190,0
DA:192,0
DA:195,0
DA:196,0
DA:198,0
DA:201,0
DA:202,0
DA:204,0
DA:206,0
DA:212,0
DA:221,1
DA:222,0
DA:223,0
DA:224,0
DA:225,0
DA:227,0
DA:229,0
DA:231,0
DA:232,0
DA:233,0
DA:234,0
DA:235,0
DA:236,0
DA:237,0
DA:238,0
DA:243,0
DA:244,0
DA:245,0
DA:246,0
DA:247,0
DA:248,0
DA:249,0
DA:256,0
DA:258,0
DA:259,0
DA:260,0
DA:261,0
DA:262,0
DA:263,0
DA:266,0
DA:267,0
DA:268,0
DA:271,1
DA:272,0
DA:273,0
DA:274,0
DA:275,0
DA:276,0
DA:277,0
DA:278,0
DA:279,0
DA:280,0
DA:281,0
DA:282,0
DA:283,0
DA:284,0
DA:285,0
DA:286,0
DA:287,0
DA:288,0
DA:291,0
DA:292,0
DA:293,0
DA:294,0
DA:295,0
DA:297,0
DA:298,0
DA:299,0
DA:303,0
DA:304,0
DA:306,0
DA:309,0
DA:310,0
DA:312,0
DA:313,0
DA:315,0
DA:316,0
DA:319,0
DA:320,0
DA:322,0
DA:324,0
DA:326,0
DA:331,0
DA:332,0
DA:333,0
LF:177
LH:17
BRDA:25,0,0,0
BRDA:25,0,1,0
BRDA:28,1,0,0
BRDA:28,1,1,0
BRDA:53,2,0,0
BRDA:53,2,1,0
BRDA:85,3,0,0
BRDA:85,3,1,0
BRDA:87,4,0,0
BRDA:87,4,1,0
BRDA:87,5,0,0
BRDA:87,5,1,0
BRDA:90,6,0,0
BRDA:90,6,1,0
BRDA:90,7,0,0
BRDA:90,7,1,0
BRDA:114,8,0,0
BRDA:114,8,1,0
BRDA:116,9,0,0
BRDA:116,9,1,0
BRDA:120,10,0,0
BRDA:120,10,1,0
BRDA:144,11,0,0
BRDA:144,11,1,0
BRDA:146,12,0,0
BRDA:146,12,1,0
BRDA:148,13,0,0
BRDA:148,13,1,0
BRDA:148,14,0,0
BRDA:148,14,1,0
BRDA:152,15,0,0
BRDA:152,15,1,0
BRDA:174,16,0,0
BRDA:174,16,1,0
BRDA:195,17,0,0
BRDA:195,17,1,0
BRDA:201,18,0,0
BRDA:201,18,1,0
BRDA:227,19,0,0
BRDA:227,19,1,0
BRDA:236,20,0,0
BRDA:236,20,1,0
BRDA:247,21,0,0
BRDA:247,21,1,0
BRDA:248,22,0,0
BRDA:248,22,1,0
BRDA:258,23,0,0
BRDA:258,23,1,0
BRDA:261,24,0,0
BRDA:261,24,1,0
BRDA:278,25,0,0
BRDA:278,25,1,0
BRDA:279,26,0,0
BRDA:279,26,1,0
BRDA:281,27,0,0
BRDA:281,27,1,0
BRDA:283,28,0,0
BRDA:283,28,1,0
BRDA:285,29,0,0
BRDA:285,29,1,0
BRDA:287,30,0,0
BRDA:287,30,1,0
BRDA:315,31,0,0
BRDA:315,31,1,0
BRDA:319,32,0,0
BRDA:319,32,1,0
BRF:66
BRH:0
end_of_record
